TN:
SF:components/atoms/ActionButton.js
FN:7,ActionButton
FNF:1
FNH:1
FNDA:49,ActionButton
DA:9,49
DA:12,49
DA:14,49
DA:15,49
DA:16,49
DA:18,49
DA:49,13
LF:7
LH:7
BRDA:15,0,0,21
BRDA:15,0,1,28
BRDA:16,1,0,18
BRDA:16,1,1,31
BRDA:18,2,0,31
BRDA:18,2,1,18
BRDA:21,3,0,31
BRDA:21,3,1,29
BRDA:35,4,0,18
BRDA:35,4,1,18
BRDA:36,5,0,18
BRDA:36,5,1,4
BRF:12
BRH:12
end_of_record
TN:
SF:components/atoms/Breadcrumb.js
FN:7,Breadcrumb
FN:20,(anonymous_1)
FNF:2
FNH:2
FNDA:3,Breadcrumb
FNDA:1,(anonymous_1)
DA:8,3
DA:21,1
DA:41,1
LF:3
LH:3
BRDA:19,0,0,1
BRDA:19,0,1,2
BRF:2
BRH:2
end_of_record
TN:
SF:components/atoms/Card.js
FN:4,Card
FNF:1
FNH:1
FNDA:2,Card
DA:5,2
DA:23,1
LF:2
LH:2
BRF:0
BRH:0
end_of_record
TN:
SF:components/atoms/CardHeader.js
FN:3,CardHeader
FNF:1
FNH:1
FNDA:9,CardHeader
DA:4,9
DA:17,3
LF:2
LH:2
BRDA:6,0,0,0
BRDA:6,0,1,9
BRDA:10,1,0,7
BRDA:10,1,1,2
BRF:4
BRH:3
end_of_record
TN:
SF:components/atoms/DateModified.js
FN:6,DateModified
FNF:1
FNH:1
FNDA:2,DateModified
DA:7,2
DA:15,1
DA:20,1
LF:3
LH:3
BRF:0
BRH:0
end_of_record
TN:
SF:components/atoms/HorizontalRule.js
FN:4,HorizontalRule
FNF:1
FNH:1
FNDA:1151,HorizontalRule
DA:5,1151
DA:6,0
DA:11,1151
DA:12,0
DA:17,1151
DA:18,164
DA:24,987
LF:7
LH:5
BRDA:5,0,0,0
BRDA:5,0,1,1151
BRDA:5,1,0,1151
BRDA:5,1,1,0
BRDA:11,2,0,0
BRDA:11,2,1,1151
BRDA:17,3,0,164
BRDA:17,3,1,987
BRF:8
BRH:5
end_of_record
TN:
SF:components/atoms/InfoSection.js
FN:4,InfoSection
FN:8,(anonymous_1)
FNF:2
FNH:2
FNDA:17,InfoSection
FNDA:24,(anonymous_1)
DA:5,17
DA:9,24
DA:26,4
LF:3
LH:3
BRF:0
BRH:0
end_of_record
TN:
SF:components/atoms/Meta.js
FN:5,Meta
FN:24,(anonymous_1)
FNF:2
FNH:2
FNDA:2,Meta
FNDA:2,(anonymous_1)
DA:6,2
DA:25,2
DA:63,2
DA:69,2
LF:4
LH:4
BRDA:18,0,0,1
BRDA:18,0,1,1
BRDA:39,1,0,2
BRDA:39,1,1,1
BRF:4
BRH:4
end_of_record
TN:
SF:components/atoms/NoBenefitCardHeader.js
FN:5,BenefitCardHeaderActive
FN:9,(anonymous_1)
FNF:2
FNH:2
FNDA:163,BenefitCardHeaderActive
FNDA:326,(anonymous_1)
DA:6,163
DA:7,163
DA:9,163
DA:10,326
DA:13,163
LF:5
LH:5
BRDA:6,0,0,163
BRDA:6,0,1,0
BRF:2
BRH:1
end_of_record
TN:
SF:components/atoms/PhaseBanner.js
FN:7,PhaseBanner
FNF:1
FNH:1
FNDA:2,PhaseBanner
DA:8,2
DA:31,2
LF:2
LH:2
BRF:0
BRH:0
end_of_record
TN:
SF:components/atoms/StatusBadge.js
FN:7,StatusBadge
FNF:1
FNH:1
FNDA:10,StatusBadge
DA:8,10
DA:9,5
DA:22,3
LF:3
LH:3
BRDA:8,0,0,5
BRDA:8,0,1,5
BRF:2
BRH:2
end_of_record
TN:
SF:components/atoms/ViewMoreLessButton.js
FN:6,ViewMoreLessButton
FNF:1
FNH:1
FNDA:13,ViewMoreLessButton
DA:7,13
DA:39,5
LF:2
LH:2
BRDA:21,0,0,1
BRDA:21,0,1,12
BRF:2
BRH:2
end_of_record
TN:
SF:components/molecules/BenefitApplicationCard.js
FN:10,(anonymous_0)
FN:16,(anonymous_1)
FN:24,(anonymous_2)
FNF:3
FNH:3
FNDA:483,(anonymous_0)
FNDA:483,(anonymous_1)
FNDA:966,(anonymous_2)
DA:10,2
DA:11,483
DA:12,483
DA:13,483
DA:14,483
DA:16,483
DA:17,483
DA:24,483
DA:25,966
DA:30,483
DA:111,2
LF:11
LH:11
BRDA:11,0,0,483
BRDA:11,0,1,0
BRDA:18,1,0,483
BRDA:18,1,1,321
BRDA:18,1,2,443
BRDA:25,2,0,404
BRDA:25,2,1,562
BRDA:53,3,0,82
BRDA:53,3,1,401
BRF:9
BRH:8
end_of_record
TN:
SF:components/molecules/BenefitCardHeaderSummary.js
FN:3,BenefitCardHeaderSummary
FNF:1
FNH:1
FNDA:10,BenefitCardHeaderSummary
DA:4,10
DA:32,3
LF:2
LH:2
BRDA:10,0,0,0
BRDA:10,0,1,10
BRDA:15,1,0,10
BRDA:15,1,1,10
BRDA:20,2,0,5
BRDA:20,2,1,5
BRF:6
BRH:5
end_of_record
TN:
SF:components/molecules/BenefitTasks.js
FN:5,BenefitTasks
FN:12,(anonymous_1)
FNF:2
FNH:2
FNDA:162,BenefitTasks
FNDA:484,(anonymous_1)
DA:6,162
DA:13,484
DA:32,4
LF:3
LH:3
BRF:0
BRH:0
end_of_record
TN:
SF:components/molecules/DSHeader.js
FN:6,DSHeader
FN:39,(anonymous_1)
FN:45,noRefCheck
FN:46,noRefCheck
FNF:4
FNH:1
FNDA:2,DSHeader
FNDA:0,(anonymous_1)
FNDA:0,noRefCheck
FNDA:0,noRefCheck
DA:7,2
DA:8,2
DA:18,2
DA:24,2
DA:39,0
LF:5
LH:4
BRDA:7,0,0,0
BRDA:7,0,1,2
BRDA:30,1,0,0
BRDA:30,1,1,2
BRF:4
BRH:2
end_of_record
TN:
SF:components/molecules/Greeting.js
FN:3,Greeting
FNF:1
FNH:1
FNDA:41,Greeting
DA:4,41
LF:1
LH:1
BRF:0
BRH:0
end_of_record
TN:
SF:components/molecules/LoadingState.js
FN:1,LoadingState
FNF:1
FNH:1
FNDA:65,LoadingState
DA:2,65
LF:1
LH:1
BRF:0
BRH:0
end_of_record
TN:
SF:components/molecules/NoBenefitCard.js
FN:9,(anonymous_0)
FN:15,(anonymous_1)
FN:20,(anonymous_2)
FN:46,(anonymous_3)
FNF:4
FNH:1
FNDA:161,(anonymous_0)
FNDA:0,(anonymous_1)
FNDA:0,(anonymous_2)
FNDA:0,(anonymous_3)
DA:9,2
DA:10,161
DA:11,161
DA:12,161
DA:13,161
DA:14,161
DA:15,161
DA:16,0
DA:17,0
DA:20,161
DA:21,0
DA:22,0
DA:33,161
DA:47,0
DA:48,0
DA:60,2
LF:16
LH:10
BRDA:10,0,0,161
BRDA:10,0,1,0
BRDA:16,1,0,0
BRDA:16,1,1,0
BRDA:21,2,0,0
BRDA:21,2,1,0
BRDA:21,3,0,0
BRDA:21,3,1,0
BRDA:22,4,0,0
BRDA:22,4,1,0
BRDA:43,5,0,161
BRDA:43,5,1,0
BRF:12
BRH:2
end_of_record
TN:
SF:components/molecules/ProfileInfo.js
FN:4,ProfileInfo
FN:8,(anonymous_1)
FNF:2
FNH:2
FNDA:1,ProfileInfo
FNDA:6,(anonymous_1)
DA:5,1
DA:9,6
DA:25,2
LF:3
LH:3
BRF:0
BRH:0
end_of_record
TN:
SF:components/molecules/SplashLanguageSelect.js
FN:5,SplashLanguageSelect
FNF:1
FNH:1
FNDA:4,SplashLanguageSelect
DA:6,4
LF:1
LH:1
BRF:0
BRH:0
end_of_record
TN:
SF:components/molecules/UniversalBenefitCard.js
FN:12,UniversalBenefitCard
FN:64,(anonymous_1)
FN:86,(anonymous_2)
FN:102,(anonymous_3)
FNF:4
FNH:2
FNDA:7,UniversalBenefitCard
FNDA:9,(anonymous_1)
FNDA:0,(anonymous_2)
FNDA:0,(anonymous_3)
DA:13,7
DA:15,7
DA:16,7
DA:18,7
DA:65,9
DA:87,0
DA:88,0
DA:103,0
DA:122,2
LF:9
LH:6
BRDA:47,0,0,2
BRDA:47,0,1,5
BRDA:47,1,0,7
BRDA:47,1,1,6
BRDA:97,2,0,2
BRDA:97,2,1,5
BRDA:97,3,0,7
BRDA:97,3,1,7
BRDA:99,4,0,5
BRDA:99,4,1,0
BRF:10
BRH:9
end_of_record
TN:
SF:components/organisms/Layout.js
FN:12,Layout
FN:16,(anonymous_1)
FNF:2
FNH:2
FNDA:1,Layout
FNDA:1,(anonymous_1)
DA:14,1
DA:16,1
DA:17,1
DA:18,0
DA:32,1
DA:84,1
LF:6
LH:5
BRDA:14,0,0,1
BRDA:14,0,1,1
BRDA:17,1,0,0
BRDA:17,1,1,1
BRDA:22,2,0,0
BRDA:22,2,1,0
BRDA:34,3,0,0
BRDA:34,3,1,1
BRDA:45,4,0,0
BRDA:45,4,1,1
BRDA:55,5,0,0
BRDA:55,5,1,1
BRDA:65,6,0,0
BRDA:65,6,1,1
BRDA:72,7,0,0
BRDA:72,7,1,1
BRF:16
BRH:8
end_of_record
TN:
SF:lib/Utils.js
FN:1,formatDate
FN:19,newNormalizedDate
FN:23,formatMoney
FN:31,getGreeting
FNF:4
FNH:4
FNDA:15,formatDate
FNDA:17,newNormalizedDate
FNDA:5,formatMoney
FNDA:44,getGreeting
DA:2,15
DA:5,15
DA:6,0
DA:7,15
DA:9,1
DA:11,14
DA:14,15
DA:20,17
DA:24,5
DA:28,5
DA:32,44
DA:33,41
DA:34,3
DA:35,1
DA:36,2
DA:37,1
DA:39,1
LF:17
LH:16
BRDA:5,0,0,0
BRDA:5,0,1,15
BRDA:7,1,0,1
BRDA:7,1,1,14
BRDA:7,2,0,15
BRDA:7,2,1,15
BRDA:32,3,0,41
BRDA:32,3,1,3
BRDA:34,4,0,1
BRDA:34,4,1,2
BRDA:36,5,0,1
BRDA:36,5,1,1
BRF:12
BRH:11
end_of_record
TN:
SF:lib/auth.js
FN:4,AuthIsDisabled
FN:11,AuthIsValid
FN:18,getToken
FN:22,Redirect
FNF:4
FNH:4
FNDA:14,AuthIsDisabled
FNDA:2,AuthIsValid
FNDA:8,getToken
FNDA:1,Redirect
DA:5,14
DA:12,2
DA:13,2
DA:15,2
DA:19,8
DA:23,1
LF:6
LH:6
BRDA:6,0,0,14
BRDA:6,0,1,12
BRDA:15,1,0,1
BRDA:15,1,1,1
BRDA:15,2,0,2
BRDA:15,2,1,1
BRF:6
BRH:6
end_of_record
TN:
SF:lib/mapAdCards.js
FN:5,determineAdCards
FNF:1
FNH:1
FNDA:17,determineAdCards
DA:7,17
DA:9,5
DA:13,1
DA:15,5
DA:17,3
DA:21,2
DA:22,1
DA:23,1
DA:25,3
DA:29,5
DA:31,9
DA:33,17
LF:12
LH:12
BRDA:7,0,0,5
BRDA:7,0,1,3
BRDA:7,0,2,3
BRDA:7,0,3,4
BRDA:7,0,4,5
BRDA:7,0,5,9
BRDA:9,1,0,1
BRDA:9,1,1,4
BRDA:10,2,0,5
BRDA:10,2,1,1
BRDA:17,3,0,2
BRDA:17,3,1,1
BRDA:18,4,0,3
BRDA:18,4,1,2
BRDA:22,5,0,1
BRDA:22,5,1,0
BRF:16
BRH:15
end_of_record
TN:
SF:lib/mapCallout.js
FN:3,MapCallout
FNF:1
FNH:1
FNDA:13,MapCallout
DA:6,13
DA:8,1
DA:9,1
DA:10,1
DA:14,3
DA:15,3
DA:16,3
DA:21,4
DA:22,4
DA:23,4
DA:25,5
DA:26,5
DA:28,5
DA:30,13
LF:14
LH:14
BRDA:6,0,0,1
BRDA:6,0,1,1
BRDA:6,0,2,2
BRDA:6,0,3,3
BRDA:6,0,4,1
BRDA:6,0,5,2
BRDA:6,0,6,3
BRDA:6,0,7,4
BRDA:6,0,8,5
BRDA:6,0,9,5
BRF:10
BRH:10
end_of_record
TN:
SF:lib/mapSummaries.js
FN:4,MapSummary
FN:6,(anonymous_1)
FNF:2
FNH:2
FNDA:9,MapSummary
FNDA:26,(anonymous_1)
DA:5,9
DA:6,8
DA:8,26
DA:12,26
DA:13,26
DA:14,26
DA:18,3
DA:19,3
DA:20,3
DA:29,12
DA:30,12
DA:34,3
DA:35,3
DA:37,1
DA:38,1
DA:42,7
DA:44,7
DA:46,26
LF:18
LH:18
BRDA:5,0,0,1
BRDA:5,0,1,8
BRDA:8,1,0,2
BRDA:8,1,1,24
BRDA:8,2,0,26
BRDA:8,2,1,25
BRDA:14,3,0,1
BRDA:14,3,1,2
BRDA:14,3,2,3
BRDA:14,3,3,1
BRDA:14,3,4,2
BRDA:14,3,5,3
BRDA:14,3,6,4
BRDA:14,3,7,5
BRDA:14,3,8,6
BRDA:14,3,9,11
BRDA:14,3,10,12
BRDA:14,3,11,1
BRDA:14,3,12,2
BRDA:14,3,13,3
BRDA:14,3,14,1
BRDA:14,3,15,1
BRDA:14,3,16,2
BRDA:14,3,17,7
BRDA:14,3,18,7
BRDA:37,4,0,1
BRDA:37,4,1,0
BRF:27
BRH:26
end_of_record
TN:
SF:lib/aem/mapper.js
FN:4,getDashboardContent
FN:6,(anonymous_1)
FNF:2
FNH:0
FNDA:0,getDashboardContent
FNDA:0,(anonymous_1)
DA:6,0
DA:7,0
DA:9,0
DA:10,0
LF:4
LH:0
BRF:0
BRH:0
end_of_record
TN:
SF:lib/api/mapBenefits.js
FN:30,MapEICard
FN:105,MapCPPCard
FN:178,MapSEBCard
FN:203,MapOASGISCard
FNF:4
FNH:4
FNDA:2,MapEICard
FNDA:3,MapCPPCard
FNDA:2,MapSEBCard
FNDA:2,MapOASGISCard
DA:33,2
DA:34,2
DA:36,2
DA:37,2
DA:42,2
DA:45,2
DA:53,2
DA:56,0
DA:59,0
DA:60,0
DA:69,0
DA:70,0
DA:77,0
DA:80,0
DA:84,0
DA:87,0
DA:89,2
DA:90,2
DA:108,3
DA:109,3
DA:110,3
DA:114,3
DA:116,2
DA:117,2
DA:118,2
DA:120,2
DA:125,2
DA:128,0
DA:129,0
DA:130,0
DA:131,0
DA:136,0
DA:137,0
DA:144,0
DA:147,0
DA:151,0
DA:154,0
DA:164,0
DA:166,0
DA:170,0
DA:172,1
DA:174,3
DA:175,3
DA:180,2
DA:189,2
DA:206,2
DA:207,2
DA:208,2
DA:211,2
DA:214,0
DA:215,0
DA:217,0
DA:219,0
DA:227,0
DA:230,1
DA:231,1
DA:232,1
DA:237,1
DA:238,1
DA:245,1
DA:248,1
DA:252,1
DA:255,0
DA:270,0
DA:273,2
DA:274,2
LF:66
LH:37
BRDA:36,0,0,2
BRDA:36,0,1,0
BRDA:42,1,0,2
BRDA:42,1,1,2
BRDA:42,1,2,0
BRDA:42,1,3,0
BRDA:42,1,4,0
BRDA:69,2,0,0
BRDA:69,2,1,0
BRDA:114,3,0,2
BRDA:114,3,1,0
BRDA:114,3,2,0
BRDA:114,3,3,0
BRDA:114,3,4,0
BRDA:114,3,5,1
BRDA:117,4,0,2
BRDA:117,4,1,0
BRDA:129,5,0,0
BRDA:129,5,1,0
BRDA:136,6,0,0
BRDA:136,6,1,0
BRDA:211,7,0,0
BRDA:211,7,1,1
BRDA:211,7,2,1
BRDA:211,7,3,0
BRDA:211,7,4,0
BRDA:215,8,0,0
BRDA:215,8,1,0
BRDA:237,9,0,1
BRDA:237,9,1,0
BRF:30
BRH:9
end_of_record
TN:
SF:lib/api/mapBenefitsHelper.js
FN:1,FormatSummary
FN:13,MapBenefit
FNF:2
FNH:2
FNDA:21,FormatSummary
FNDA:11,MapBenefit
DA:2,21
DA:7,21
DA:8,1
DA:10,21
DA:14,11
DA:15,1
DA:18,10
DA:23,10
DA:25,10
LF:9
LH:9
BRDA:7,0,0,1
BRDA:7,0,1,20
BRDA:14,1,0,1
BRDA:14,1,1,10
BRDA:14,2,0,11
BRDA:14,2,1,10
BRDA:14,2,2,10
BRDA:23,3,0,8
BRDA:23,3,1,2
BRF:9
BRH:9
end_of_record
TN:
SF:lib/api/programData.js
FN:5,MapArrayData
FN:8,(anonymous_1)
FN:17,FetchProgramData
FNF:3
FNH:2
FNDA:7,MapArrayData
FNDA:0,(anonymous_1)
FNDA:8,FetchProgramData
DA:6,7
DA:7,7
DA:8,0
DA:9,0
DA:12,7
DA:14,7
DA:24,8
DA:26,8
DA:27,0
DA:28,8
DA:29,8
DA:32,8
DA:33,8
DA:35,8
DA:36,6
DA:37,2
DA:38,2
DA:46,2
DA:47,2
DA:49,0
DA:52,0
DA:55,8
DA:56,8
DA:58,0
DA:61,0
DA:62,0
DA:64,0
DA:66,0
LF:28
LH:18
BRDA:7,0,0,0
BRDA:7,0,1,7
BRDA:24,1,0,8
BRDA:24,1,1,0
BRDA:26,2,0,0
BRDA:26,2,1,8
BRDA:26,3,0,8
BRDA:26,3,1,0
BRDA:32,4,0,8
BRDA:32,4,1,0
BRDA:35,5,0,6
BRDA:35,5,1,2
BRDA:37,6,0,2
BRDA:37,6,1,0
BRDA:46,7,0,2
BRDA:46,7,1,0
BRDA:55,8,0,8
BRDA:55,8,1,0
BRF:18
BRH:10
end_of_record
TN:
SF:pages/400.js
FN:3,Error400
FN:15,getStaticProps
FNF:2
FNH:2
FNDA:1,Error400
FNDA:2,getStaticProps
DA:4,1
DA:5,1
DA:16,2
DA:21,2
DA:24,2
LF:5
LH:5
BRDA:4,0,0,1
BRDA:4,0,1,0
BRF:2
BRH:1
end_of_record
TN:
SF:pages/404.js
FN:3,Error404
FN:15,getStaticProps
FNF:2
FNH:2
FNDA:1,Error404
FNDA:2,getStaticProps
DA:4,1
DA:5,1
DA:16,2
DA:21,2
DA:24,2
LF:5
LH:5
BRDA:4,0,0,1
BRDA:4,0,1,0
BRF:2
BRH:1
end_of_record
TN:
SF:pages/500.js
FN:3,Error500
FN:15,getStaticProps
FNF:2
FNH:2
FNDA:1,Error500
FNDA:2,getStaticProps
DA:4,1
DA:5,1
DA:16,2
DA:21,2
DA:24,2
LF:5
LH:5
BRDA:4,0,0,1
BRDA:4,0,1,0
BRF:2
BRH:1
end_of_record
TN:
SF:pages/503.js
FN:3,Error503
FN:15,getStaticProps
FNF:2
FNH:2
FNDA:1,Error503
FNDA:2,getStaticProps
DA:4,1
DA:5,1
DA:16,2
DA:21,2
DA:24,2
LF:5
LH:5
BRDA:4,0,0,1
BRDA:4,0,1,0
BRF:2
BRH:1
end_of_record
TN:
SF:pages/_app.js
FN:6,MyApp
FNF:1
FNH:1
FNDA:1,MyApp
DA:7,1
DA:8,1
DA:10,1
DA:11,1
LF:4
LH:4
BRDA:10,0,0,0
BRDA:10,0,1,1
BRF:2
BRH:1
end_of_record
TN:
SF:pages/_document.js
FN:5,(anonymous_0)
FN:10,(anonymous_1)
FNF:2
FNH:2
FNDA:1,(anonymous_0)
FNDA:1,(anonymous_1)
DA:6,1
DA:7,1
DA:11,1
LF:3
LH:3
BRDA:21,0,0,0
BRDA:21,0,1,1
BRF:2
BRH:1
end_of_record
TN:
SF:pages/dashboard.js
FN:24,Dashboard
FN:60,(anonymous_1)
FN:69,fetchProgramData
FN:97,(anonymous_3)
FN:125,(anonymous_4)
FN:127,(anonymous_5)
FN:223,(anonymous_6)
FN:224,(anonymous_7)
FN:259,(anonymous_8)
FN:270,(anonymous_9)
FN:282,getServerSideProps
FNF:11
FNH:11
FNDA:40,Dashboard
FNDA:28,(anonymous_1)
FNDA:24,fetchProgramData
FNDA:32,(anonymous_3)
FNDA:24,(anonymous_4)
FNDA:4,(anonymous_5)
FNDA:36,(anonymous_6)
FNDA:4,(anonymous_7)
FNDA:480,(anonymous_8)
FNDA:160,(anonymous_9)
FNDA:2,getServerSideProps
DA:25,40
DA:26,40
DA:28,40
DA:31,40
DA:32,40
DA:34,40
DA:35,40
DA:36,40
DA:38,40
DA:39,40
DA:40,40
DA:42,40
DA:43,40
DA:44,40
DA:46,40
DA:47,40
DA:48,40
DA:50,40
DA:51,40
DA:52,40
DA:54,40
DA:55,40
DA:56,40
DA:58,40
DA:60,40
DA:61,28
DA:70,24
DA:71,24
DA:72,24
DA:73,20
DA:74,4
DA:77,4
DA:78,4
DA:81,0
DA:82,0
DA:84,24
DA:88,4
DA:89,4
DA:90,4
DA:91,4
DA:92,4
DA:93,4
DA:97,40
DA:98,32
DA:106,4
DA:115,4
DA:116,4
DA:117,4
DA:118,4
DA:119,4
DA:120,4
DA:121,4
DA:122,4
DA:123,4
DA:125,4
DA:126,24
DA:127,4
DA:129,4
DA:131,0
DA:132,0
DA:134,0
DA:135,0
DA:137,0
DA:138,0
DA:140,0
DA:141,0
DA:143,0
DA:144,0
DA:146,0
DA:147,0
DA:149,0
DA:150,0
DA:152,0
DA:153,0
DA:155,4
DA:156,4
DA:158,4
DA:163,4
DA:165,4
DA:192,40
DA:224,36
DA:226,4
DA:228,4
DA:231,4
DA:260,480
DA:271,160
DA:283,2
DA:285,1
DA:286,1
DA:297,1
DA:298,1
DA:300,0
DA:307,1
DA:314,1
DA:316,1
LF:95
LH:76
BRDA:25,0,0,40
BRDA:25,0,1,0
BRDA:61,1,0,4
BRDA:61,1,1,24
BRDA:62,2,0,28
BRDA:62,2,1,4
BRDA:62,2,2,4
BRDA:62,2,3,4
BRDA:62,2,4,4
BRDA:62,2,5,4
BRDA:72,3,0,20
BRDA:72,3,1,4
BRDA:73,4,0,4
BRDA:73,4,1,16
BRDA:98,5,0,4
BRDA:98,5,1,28
BRDA:99,6,0,32
BRDA:99,6,1,28
BRDA:99,6,2,12
BRDA:99,6,3,12
BRDA:99,6,4,12
BRDA:99,6,5,12
BRDA:126,7,0,4
BRDA:126,7,1,20
BRDA:129,8,0,0
BRDA:129,8,1,0
BRDA:129,8,2,0
BRDA:129,8,3,0
BRDA:129,8,4,0
BRDA:129,8,5,0
BRDA:129,8,6,0
BRDA:129,8,7,0
BRDA:129,8,8,4
BRDA:204,9,0,8
BRDA:204,9,1,32
BRDA:204,10,0,40
BRDA:204,10,1,32
BRDA:204,10,2,32
BRDA:204,10,3,28
BRDA:204,10,4,24
BRDA:204,10,5,16
BRDA:215,11,0,40
BRDA:215,11,1,40
BRDA:216,12,0,40
BRDA:216,12,1,40
BRDA:217,13,0,40
BRDA:217,13,1,40
BRDA:218,14,0,40
BRDA:218,14,1,40
BRDA:219,15,0,40
BRDA:219,15,1,20
BRDA:220,16,0,40
BRDA:220,16,1,40
BRDA:222,17,0,4
BRDA:222,17,1,36
BRDA:226,18,0,4
BRDA:226,18,1,0
BRDA:226,19,0,4
BRDA:226,19,1,4
BRDA:226,19,2,4
BRDA:260,20,0,0
BRDA:260,20,1,480
BRDA:283,21,0,1
BRDA:283,21,1,1
BRDA:283,22,0,2
BRDA:283,22,1,2
BRDA:314,23,0,0
BRDA:314,23,1,1
BRF:68
BRH:56
end_of_record
TN:
SF:pages/index.js
FN:4,Index
FN:12,getStaticProps
FNF:2
FNH:2
FNDA:2,Index
FNDA:1,getStaticProps
DA:5,2
DA:13,1
DA:18,1
DA:24,1
DA:32,2
LF:5
LH:5
BRF:0
BRH:0
end_of_record
TN:
SF:pages/profile.js
FN:11,Profile
FN:125,(anonymous_1)
FN:140,(anonymous_2)
FN:175,getServerSideProps
FNF:4
FNH:3
FNDA:1,Profile
FNDA:3,(anonymous_1)
FNDA:0,(anonymous_2)
FNDA:2,getServerSideProps
DA:12,1
DA:13,1
DA:35,1
DA:51,1
DA:73,1
DA:96,1
DA:97,1
DA:98,1
DA:100,1
DA:120,1
DA:126,3
DA:140,0
DA:176,2
DA:178,2
DA:180,2
DA:186,2
DA:193,2
LF:17
LH:16
BRDA:12,0,0,0
BRDA:12,0,1,1
BRDA:130,1,0,0
BRDA:130,1,1,3
BRDA:141,2,0,3
BRDA:141,2,1,0
BRDA:176,3,0,0
BRDA:176,3,1,2
BRDA:176,4,0,2
BRDA:176,4,1,0
BRDA:178,5,0,1
BRDA:178,5,1,1
BRF:12
BRH:7
end_of_record
TN:
SF:pages/security-settings.js
FN:8,getServerSideProps
FN:26,SecuritySettings
FNF:2
FNH:2
FNDA:2,getServerSideProps
FNDA:2,SecuritySettings
DA:9,2
DA:11,2
DA:12,2
DA:17,2
DA:23,2
DA:27,2
DA:29,2
DA:34,2
LF:8
LH:8
BRDA:9,0,0,0
BRDA:9,0,1,2
BRDA:9,1,0,2
BRDA:9,1,1,0
BRDA:11,2,0,1
BRDA:11,2,1,1
BRDA:27,3,0,1
BRDA:27,3,1,1
BRF:8
BRH:6
end_of_record
TN:
SF:pages/api/metrics.js
FN:5,handler
FNF:1
FNH:0
FNDA:0,handler
DA:3,0
DA:6,0
DA:7,0
LF:3
LH:0
BRF:0
BRH:0
end_of_record
TN:
SF:pages/api/auth/[...nextauth].js
FN:34,(anonymous_0)
FN:46,(anonymous_1)
FN:53,(anonymous_2)
FN:56,(anonymous_3)
FN:59,(anonymous_4)
FNF:5
FNH:0
FNDA:0,(anonymous_0)
FNDA:0,(anonymous_1)
FNDA:0,(anonymous_2)
FNDA:0,(anonymous_3)
FNDA:0,(anonymous_4)
DA:35,0
DA:47,0
DA:48,0
DA:49,0
DA:54,0
LF:5
LH:0
BRF:0
BRH:0
end_of_record
TN:
SF:pages/api/programData/cpp.js
FN:4,handler
FN:9,(anonymous_1)
FN:9,(anonymous_2)
FN:10,(anonymous_3)
FNF:4
FNH:4
FNDA:2,handler
FNDA:2,(anonymous_1)
FNDA:2,(anonymous_2)
FNDA:1,(anonymous_3)
DA:5,2
DA:9,2
DA:10,1
LF:3
LH:3
BRF:0
BRH:0
end_of_record
TN:
SF:pages/api/programData/cppd.js
FN:4,handler
FN:9,(anonymous_1)
FN:9,(anonymous_2)
FN:10,(anonymous_3)
FNF:4
FNH:4
FNDA:1,handler
FNDA:1,(anonymous_1)
FNDA:1,(anonymous_2)
FNDA:1,(anonymous_3)
DA:5,1
DA:9,1
DA:10,1
LF:3
LH:3
BRF:0
BRH:0
end_of_record
TN:
SF:pages/api/programData/ei.js
FN:4,handler
FN:9,(anonymous_1)
FN:9,(anonymous_2)
FN:10,(anonymous_3)
FNF:4
FNH:4
FNDA:2,handler
FNDA:2,(anonymous_1)
FNDA:2,(anonymous_2)
FNDA:1,(anonymous_3)
DA:5,2
DA:9,2
DA:10,1
LF:3
LH:3
BRF:0
BRH:0
end_of_record
TN:
SF:pages/api/programData/gis.js
FN:4,handler
FN:9,(anonymous_1)
FN:9,(anonymous_2)
FN:10,(anonymous_3)
FNF:4
FNH:4
FNDA:1,handler
FNDA:1,(anonymous_1)
FNDA:1,(anonymous_2)
FNDA:1,(anonymous_3)
DA:5,1
DA:9,1
DA:10,1
LF:3
LH:3
BRF:0
BRH:0
end_of_record
TN:
SF:pages/api/programData/oas.js
FN:4,handler
FN:9,(anonymous_1)
FN:9,(anonymous_2)
FN:10,(anonymous_3)
FNF:4
FNH:4
FNDA:1,handler
FNDA:1,(anonymous_1)
FNDA:1,(anonymous_2)
FNDA:1,(anonymous_3)
DA:5,1
DA:9,1
DA:10,1
LF:3
LH:3
BRF:0
BRH:0
end_of_record
TN:
SF:pages/api/programData/seb.js
FN:4,handler
FN:9,(anonymous_1)
FN:10,(anonymous_2)
FNF:3
FNH:3
FNDA:1,handler
FNDA:1,(anonymous_1)
FNDA:1,(anonymous_2)
DA:5,1
DA:9,1
DA:10,1
LF:3
LH:3
BRF:0
BRH:0
end_of_record
